[debug] [2023-11-15T00:42:47.274Z] ----------------------------------------------------------------------
[debug] [2023-11-15T00:42:47.276Z] Command:       C:\Program Files\nodejs\node.exe C:\Users\YuuNagi\AppData\Roaming\npm\node_modules\firebase-tools\lib\bin\firebase.js init
[debug] [2023-11-15T00:42:47.277Z] CLI Version:   12.8.1
[debug] [2023-11-15T00:42:47.277Z] Platform:      win32
[debug] [2023-11-15T00:42:47.277Z] Node Version:  v21.1.0
[debug] [2023-11-15T00:42:47.278Z] Time:          Wed Nov 15 2023 07:42:47 GMT+0700 (Indochina Time)
[debug] [2023-11-15T00:42:47.278Z] ----------------------------------------------------------------------
[debug] 
[debug] [2023-11-15T00:42:47.286Z] > command requires scopes: ["email","openid","https://www.googleapis.com/auth/cloudplatformprojects.readonly","https://www.googleapis.com/auth/firebase","https://www.googleapis.com/auth/cloud-platform"]
[debug] [2023-11-15T00:42:47.286Z] > authorizing via signed-in user (kiritodragneel2006@gmail.com)
[info] 
     ######## #### ########  ######## ########     ###     ######  ########
     ##        ##  ##     ## ##       ##     ##  ##   ##  ##       ##
     ######    ##  ########  ######   ########  #########  ######  ######
     ##        ##  ##    ##  ##       ##     ## ##     ##       ## ##
     ##       #### ##     ## ######## ########  ##     ##  ######  ########

You're about to initialize a Firebase project in this directory:

  B:\HS3

[info] 
=== Project Setup
[info] 
[info] First, let's associate this project directory with a Firebase project.
[info] You can create multiple project aliases by running firebase use --add, 
[info] but for now we'll just set up a default project.
[info] 
[debug] [2023-11-15T00:43:15.774Z] >>> [apiv2][query] GET https://firebase.googleapis.com/v1beta1/availableProjects pageSize=100
[debug] [2023-11-15T00:43:17.121Z] <<< [apiv2][status] GET https://firebase.googleapis.com/v1beta1/availableProjects 200
[debug] [2023-11-15T00:43:17.122Z] <<< [apiv2][body] GET https://firebase.googleapis.com/v1beta1/availableProjects [omitted]
[debug] [2023-11-15T00:43:21.375Z] >>> [apiv2][query] POST https://firebase.googleapis.com/v1beta1/projects/beta-project-001:addFirebase [none]
[debug] [2023-11-15T00:43:22.050Z] <<< [apiv2][status] POST https://firebase.googleapis.com/v1beta1/projects/beta-project-001:addFirebase 403
[debug] [2023-11-15T00:43:22.050Z] <<< [apiv2][body] POST https://firebase.googleapis.com/v1beta1/projects/beta-project-001:addFirebase {"error":{"code":403,"message":"The caller does not have permission","status":"PERMISSION_DENIED"}}
[debug] [2023-11-15T00:43:22.052Z] HTTP Error: 403, The caller does not have permission
[debug] [2023-11-15T00:43:22.384Z] FirebaseError: HTTP Error: 403, The caller does not have permission
    at responseToError (C:\Users\YuuNagi\AppData\Roaming\npm\node_modules\firebase-tools\lib\responseToError.js:49:12)
    at RetryOperation._fn (C:\Users\YuuNagi\AppData\Roaming\npm\node_modules\firebase-tools\lib\apiv2.js:285:77)
    at process.processTicksAndRejections (node:internal/process/task_queues:95:5)
[error] 
[error] Error: Failed to add Firebase to Google Cloud Platform project. See firebase-debug.log for more info.
